<test-run id="2" testcasecount="20" result="Passed" start-time="2026-06-10 01:38:51.433085" end-time="2026-06-10 01:38:54.178166" duration="2" total="20" passed="20" failed="0" inconclusive="0" skipped="0" asserts="0" clr-version="3.12.9 (main, Mar 17 2025, 20:48:41) [GCC 6.3.0 20170516]" engine-version="3.6.2"><command-line>/workspaces/PersonMatching/.venv/bin/pytest src/test/openlinktoken_ext_truveta/test_exchange_api.py -v</command-line><filter><test re="0">src/test/openlinktoken_ext_truveta/test_exchange_api.py</test></filter><test-suite id="src/test/openlinktoken_ext_truveta/test_exchange_api.py::TestCallExchangeEndpoint" name="src/test/openlinktoken_ext_truveta/test_exchange_api.py::TestCallExchangeEndpoint" fullname="src/test/openlinktoken_ext_truveta/test_exchange_api.py::TestCallExchangeEndpoint" methodname="" classname="" runstate="Runnable" type="Assembly" testcasecount="20" result="Passed" label="" start-time="2026-06-10 01:38:54.160287" end-time="2026-06-10 01:38:54.178070" duration="0.017783" asserts="0" total="20" passed="20" failed="0" warnings="0" inconclusive="0" skipped="0"><properties><property name="python_version" value="3.12.9 (main, Mar 17 2025, 20:48:41) [GCC 6.3.0 20170516]" /></properties><test-case id="100" name="src/test/openlinktoken_ext_truveta/test_exchange_api.py::TestCallExchangeEndpoint::test_successful_call_returns_response" fullname="src/test/openlinktoken_ext_truveta/test_exchange_api.py::TestCallExchangeEndpoint::test_successful_call_returns_response" methodname="test_successful_call_returns_response" classname="TestCallExchangeEndpoint" runstate="Runnable" seed="1" result="Passed" label="" start-time="2026-06-10 01:38:54.160287" end-time="2026-06-10 01:38:54.161230" duration="0.000943" asserts="0"><properties><property name="python-version" value="3.12.9 (main, Mar 17 2025, 20:48:41) [GCC 6.3.0 20170516]" /><property name="fspath" value="src/test/openlinktoken_ext_truveta/test_exchange_api.py" /></properties><environment framework-version="3.6.2" clr-version="3.12.9 (main, Mar 17 2025, 20:48:41) [GCC 6.3.0 20170516]" os-version="6.6.137-0-virt" platform="Linux" cwd="/workspaces/PersonMatching/OpenLinkToken-Truveta-Extension" machine-name="aarch64" user="" user-domain="" culture="en_US" uiculture="en_US" os-architecture="64bit" /><failure><message><![CDATA[]]></message><stack-trace><![CDATA[None]]></stack-trace></failure><reason><message><![CDATA[]]></message></reason><output><![CDATA[]]></output></test-case><test-case id="101" name="src/test/openlinktoken_ext_truveta/test_exchange_api.py::TestCallExchangeEndpoint::test_maps_rotation_fields_when_present" fullname="src/test/openlinktoken_ext_truveta/test_exchange_api.py::TestCallExchangeEndpoint::test_maps_rotation_fields_when_present" methodname="test_maps_rotation_fields_when_present" classname="TestCallExchangeEndpoint" runstate="Runnable" seed="1" result="Passed" label="" start-time="2026-06-10 01:38:54.161598" end-time="2026-06-10 01:38:54.162096" duration="0.000498" asserts="0"><properties><property name="python-version" value="3.12.9 (main, Mar 17 2025, 20:48:41) [GCC 6.3.0 20170516]" /><property name="fspath" value="src/test/openlinktoken_ext_truveta/test_exchange_api.py" /></properties><environment framework-version="3.6.2" clr-version="3.12.9 (main, Mar 17 2025, 20:48:41) [GCC 6.3.0 20170516]" os-version="6.6.137-0-virt" platform="Linux" cwd="/workspaces/PersonMatching/OpenLinkToken-Truveta-Extension" machine-name="aarch64" user="" user-domain="" culture="en_US" uiculture="en_US" os-architecture="64bit" /><failure><message><![CDATA[]]></message><stack-trace><![CDATA[None]]></stack-trace></failure><reason><message><![CDATA[]]></message></reason><output><![CDATA[]]></output></test-case><test-case id="102" name="src/test/openlinktoken_ext_truveta/test_exchange_api.py::TestCallExchangeEndpoint::test_omits_encrypted_rotation_iv_when_empty" fullname="src/test/openlinktoken_ext_truveta/test_exchange_api.py::TestCallExchangeEndpoint::test_omits_encrypted_rotation_iv_when_empty" methodname="test_omits_encrypted_rotation_iv_when_empty" classname="TestCallExchangeEndpoint" runstate="Runnable" seed="1" result="Passed" label="" start-time="2026-06-10 01:38:54.162267" end-time="2026-06-10 01:38:54.162681" duration="0.000414" asserts="0"><properties><property name="python-version" value="3.12.9 (main, Mar 17 2025, 20:48:41) [GCC 6.3.0 20170516]" /><property name="fspath" value="src/test/openlinktoken_ext_truveta/test_exchange_api.py" /></properties><environment framework-version="3.6.2" clr-version="3.12.9 (main, Mar 17 2025, 20:48:41) [GCC 6.3.0 20170516]" os-version="6.6.137-0-virt" platform="Linux" cwd="/workspaces/PersonMatching/OpenLinkToken-Truveta-Extension" machine-name="aarch64" user="" user-domain="" culture="en_US" uiculture="en_US" os-architecture="64bit" /><failure><message><![CDATA[]]></message><stack-trace><![CDATA[None]]></stack-trace></failure><reason><message><![CDATA[]]></message></reason><output><![CDATA[]]></output></test-case><test-case id="103" name="src/test/openlinktoken_ext_truveta/test_exchange_api.py::TestCallExchangeEndpoint::test_preserves_exchange_id_when_server_provides_one" fullname="src/test/openlinktoken_ext_truveta/test_exchange_api.py::TestCallExchangeEndpoint::test_preserves_exchange_id_when_server_provides_one" methodname="test_preserves_exchange_id_when_server_provides_one" classname="TestCallExchangeEndpoint" runstate="Runnable" seed="1" result="Passed" label="" start-time="2026-06-10 01:38:54.162840" end-time="2026-06-10 01:38:54.163226" duration="0.000386" asserts="0"><properties><property name="python-version" value="3.12.9 (main, Mar 17 2025, 20:48:41) [GCC 6.3.0 20170516]" /><property name="fspath" value="src/test/openlinktoken_ext_truveta/test_exchange_api.py" /></properties><environment framework-version="3.6.2" clr-version="3.12.9 (main, Mar 17 2025, 20:48:41) [GCC 6.3.0 20170516]" os-version="6.6.137-0-virt" platform="Linux" cwd="/workspaces/PersonMatching/OpenLinkToken-Truveta-Extension" machine-name="aarch64" user="" user-domain="" culture="en_US" uiculture="en_US" os-architecture="64bit" /><failure><message><![CDATA[]]></message><stack-trace><![CDATA[None]]></stack-trace></failure><reason><message><![CDATA[]]></message></reason><output><![CDATA[]]></output></test-case><test-case id="104" name="src/test/openlinktoken_ext_truveta/test_exchange_api.py::TestCallExchangeEndpoint::test_passes_correct_base_url_and_credentials" fullname="src/test/openlinktoken_ext_truveta/test_exchange_api.py::TestCallExchangeEndpoint::test_passes_correct_base_url_and_credentials" methodname="test_passes_correct_base_url_and_credentials" classname="TestCallExchangeEndpoint" runstate="Runnable" seed="1" result="Passed" label="" start-time="2026-06-10 01:38:54.163381" end-time="2026-06-10 01:38:54.163769" duration="0.000388" asserts="0"><properties><property name="python-version" value="3.12.9 (main, Mar 17 2025, 20:48:41) [GCC 6.3.0 20170516]" /><property name="fspath" value="src/test/openlinktoken_ext_truveta/test_exchange_api.py" /></properties><environment framework-version="3.6.2" clr-version="3.12.9 (main, Mar 17 2025, 20:48:41) [GCC 6.3.0 20170516]" os-version="6.6.137-0-virt" platform="Linux" cwd="/workspaces/PersonMatching/OpenLinkToken-Truveta-Extension" machine-name="aarch64" user="" user-domain="" culture="en_US" uiculture="en_US" os-architecture="64bit" /><failure><message><![CDATA[]]></message><stack-trace><![CDATA[None]]></stack-trace></failure><reason><message><![CDATA[]]></message></reason><output><![CDATA[]]></output></test-case><test-case id="105" name="src/test/openlinktoken_ext_truveta/test_exchange_api.py::TestCallExchangeEndpoint::test_strips_trailing_slash_from_base_url" fullname="src/test/openlinktoken_ext_truveta/test_exchange_api.py::TestCallExchangeEndpoint::test_strips_trailing_slash_from_base_url" methodname="test_strips_trailing_slash_from_base_url" classname="TestCallExchangeEndpoint" runstate="Runnable" seed="1" result="Passed" label="" start-time="2026-06-10 01:38:54.163921" end-time="2026-06-10 01:38:54.164404" duration="0.000483" asserts="0"><properties><property name="python-version" value="3.12.9 (main, Mar 17 2025, 20:48:41) [GCC 6.3.0 20170516]" /><property name="fspath" value="src/test/openlinktoken_ext_truveta/test_exchange_api.py" /></properties><environment framework-version="3.6.2" clr-version="3.12.9 (main, Mar 17 2025, 20:48:41) [GCC 6.3.0 20170516]" os-version="6.6.137-0-virt" platform="Linux" cwd="/workspaces/PersonMatching/OpenLinkToken-Truveta-Extension" machine-name="aarch64" user="" user-domain="" culture="en_US" uiculture="en_US" os-architecture="64bit" /><failure><message><![CDATA[]]></message><stack-trace><![CDATA[None]]></stack-trace></failure><reason><message><![CDATA[]]></message></reason><output><![CDATA[]]></output></test-case><test-case id="106" name="src/test/openlinktoken_ext_truveta/test_exchange_api.py::TestCallExchangeEndpoint::test_uses_30_second_timeout_for_non_localhost" fullname="src/test/openlinktoken_ext_truveta/test_exchange_api.py::TestCallExchangeEndpoint::test_uses_30_second_timeout_for_non_localhost" methodname="test_uses_30_second_timeout_for_non_localhost" classname="TestCallExchangeEndpoint" runstate="Runnable" seed="1" result="Passed" label="" start-time="2026-06-10 01:38:54.164551" end-time="2026-06-10 01:38:54.164930" duration="0.000379" asserts="0"><properties><property name="python-version" value="3.12.9 (main, Mar 17 2025, 20:48:41) [GCC 6.3.0 20170516]" /><property name="fspath" value="src/test/openlinktoken_ext_truveta/test_exchange_api.py" /></properties><environment framework-version="3.6.2" clr-version="3.12.9 (main, Mar 17 2025, 20:48:41) [GCC 6.3.0 20170516]" os-version="6.6.137-0-virt" platform="Linux" cwd="/workspaces/PersonMatching/OpenLinkToken-Truveta-Extension" machine-name="aarch64" user="" user-domain="" culture="en_US" uiculture="en_US" os-architecture="64bit" /><failure><message><![CDATA[]]></message><stack-trace><![CDATA[None]]></stack-trace></failure><reason><message><![CDATA[]]></message></reason><output><![CDATA[]]></output></test-case><test-case id="107" name="src/test/openlinktoken_ext_truveta/test_exchange_api.py::TestCallExchangeEndpoint::test_uses_custom_timeout_when_provided" fullname="src/test/openlinktoken_ext_truveta/test_exchange_api.py::TestCallExchangeEndpoint::test_uses_custom_timeout_when_provided" methodname="test_uses_custom_timeout_when_provided" classname="TestCallExchangeEndpoint" runstate="Runnable" seed="1" result="Passed" label="" start-time="2026-06-10 01:38:54.165076" end-time="2026-06-10 01:38:54.165454" duration="0.000378" asserts="0"><properties><property name="python-version" value="3.12.9 (main, Mar 17 2025, 20:48:41) [GCC 6.3.0 20170516]" /><property name="fspath" value="src/test/openlinktoken_ext_truveta/test_exchange_api.py" /></properties><environment framework-version="3.6.2" clr-version="3.12.9 (main, Mar 17 2025, 20:48:41) [GCC 6.3.0 20170516]" os-version="6.6.137-0-virt" platform="Linux" cwd="/workspaces/PersonMatching/OpenLinkToken-Truveta-Extension" machine-name="aarch64" user="" user-domain="" culture="en_US" uiculture="en_US" os-architecture="64bit" /><failure><message><![CDATA[]]></message><stack-trace><![CDATA[None]]></stack-trace></failure><reason><message><![CDATA[]]></message></reason><output><![CDATA[]]></output></test-case><test-case id="108" name="src/test/openlinktoken_ext_truveta/test_exchange_api.py::TestCallExchangeEndpoint::test_raises_http_error_on_400" fullname="src/test/openlinktoken_ext_truveta/test_exchange_api.py::TestCallExchangeEndpoint::test_raises_http_error_on_400" methodname="test_raises_http_error_on_400" classname="TestCallExchangeEndpoint" runstate="Runnable" seed="1" result="Passed" label="" start-time="2026-06-10 01:38:54.165603" end-time="2026-06-10 01:38:54.166206" duration="0.000603" asserts="0"><properties><property name="python-version" value="3.12.9 (main, Mar 17 2025, 20:48:41) [GCC 6.3.0 20170516]" /><property name="fspath" value="src/test/openlinktoken_ext_truveta/test_exchange_api.py" /></properties><environment framework-version="3.6.2" clr-version="3.12.9 (main, Mar 17 2025, 20:48:41) [GCC 6.3.0 20170516]" os-version="6.6.137-0-virt" platform="Linux" cwd="/workspaces/PersonMatching/OpenLinkToken-Truveta-Extension" machine-name="aarch64" user="" user-domain="" culture="en_US" uiculture="en_US" os-architecture="64bit" /><failure><message><![CDATA[]]></message><stack-trace><![CDATA[None]]></stack-trace></failure><reason><message><![CDATA[]]></message></reason><output><![CDATA[]]></output></test-case><test-case id="109" name="src/test/openlinktoken_ext_truveta/test_exchange_api.py::TestCallExchangeEndpoint::test_raises_http_error_on_401" fullname="src/test/openlinktoken_ext_truveta/test_exchange_api.py::TestCallExchangeEndpoint::test_raises_http_error_on_401" methodname="test_raises_http_error_on_401" classname="TestCallExchangeEndpoint" runstate="Runnable" seed="1" result="Passed" label="" start-time="2026-06-10 01:38:54.166355" end-time="2026-06-10 01:38:54.166899" duration="0.000544" asserts="0"><properties><property name="python-version" value="3.12.9 (main, Mar 17 2025, 20:48:41) [GCC 6.3.0 20170516]" /><property name="fspath" value="src/test/openlinktoken_ext_truveta/test_exchange_api.py" /></properties><environment framework-version="3.6.2" clr-version="3.12.9 (main, Mar 17 2025, 20:48:41) [GCC 6.3.0 20170516]" os-version="6.6.137-0-virt" platform="Linux" cwd="/workspaces/PersonMatching/OpenLinkToken-Truveta-Extension" machine-name="aarch64" user="" user-domain="" culture="en_US" uiculture="en_US" os-architecture="64bit" /><failure><message><![CDATA[]]></message><stack-trace><![CDATA[None]]></stack-trace></failure><reason><message><![CDATA[]]></message></reason><output><![CDATA[]]></output></test-case><test-case id="110" name="src/test/openlinktoken_ext_truveta/test_exchange_api.py::TestCallExchangeEndpoint::test_raises_http_error_on_403" fullname="src/test/openlinktoken_ext_truveta/test_exchange_api.py::TestCallExchangeEndpoint::test_raises_http_error_on_403" methodname="test_raises_http_error_on_403" classname="TestCallExchangeEndpoint" runstate="Runnable" seed="1" result="Passed" label="" start-time="2026-06-10 01:38:54.167057" end-time="2026-06-10 01:38:54.167488" duration="0.000431" asserts="0"><properties><property name="python-version" value="3.12.9 (main, Mar 17 2025, 20:48:41) [GCC 6.3.0 20170516]" /><property name="fspath" value="src/test/openlinktoken_ext_truveta/test_exchange_api.py" /></properties><environment framework-version="3.6.2" clr-version="3.12.9 (main, Mar 17 2025, 20:48:41) [GCC 6.3.0 20170516]" os-version="6.6.137-0-virt" platform="Linux" cwd="/workspaces/PersonMatching/OpenLinkToken-Truveta-Extension" machine-name="aarch64" user="" user-domain="" culture="en_US" uiculture="en_US" os-architecture="64bit" /><failure><message><![CDATA[]]></message><stack-trace><![CDATA[None]]></stack-trace></failure><reason><message><![CDATA[]]></message></reason><output><![CDATA[]]></output></test-case><test-case id="111" name="src/test/openlinktoken_ext_truveta/test_exchange_api.py::TestCallExchangeEndpoint::test_raises_http_error_on_404" fullname="src/test/openlinktoken_ext_truveta/test_exchange_api.py::TestCallExchangeEndpoint::test_raises_http_error_on_404" methodname="test_raises_http_error_on_404" classname="TestCallExchangeEndpoint" runstate="Runnable" seed="1" result="Passed" label="" start-time="2026-06-10 01:38:54.167635" end-time="2026-06-10 01:38:54.168053" duration="0.000418" asserts="0"><properties><property name="python-version" value="3.12.9 (main, Mar 17 2025, 20:48:41) [GCC 6.3.0 20170516]" /><property name="fspath" value="src/test/openlinktoken_ext_truveta/test_exchange_api.py" /></properties><environment framework-version="3.6.2" clr-version="3.12.9 (main, Mar 17 2025, 20:48:41) [GCC 6.3.0 20170516]" os-version="6.6.137-0-virt" platform="Linux" cwd="/workspaces/PersonMatching/OpenLinkToken-Truveta-Extension" machine-name="aarch64" user="" user-domain="" culture="en_US" uiculture="en_US" os-architecture="64bit" /><failure><message><![CDATA[]]></message><stack-trace><![CDATA[None]]></stack-trace></failure><reason><message><![CDATA[]]></message></reason><output><![CDATA[]]></output></test-case><test-case id="112" name="src/test/openlinktoken_ext_truveta/test_exchange_api.py::TestCallExchangeEndpoint::test_raises_http_error_on_500" fullname="src/test/openlinktoken_ext_truveta/test_exchange_api.py::TestCallExchangeEndpoint::test_raises_http_error_on_500" methodname="test_raises_http_error_on_500" classname="TestCallExchangeEndpoint" runstate="Runnable" seed="1" result="Passed" label="" start-time="2026-06-10 01:38:54.168200" end-time="2026-06-10 01:38:54.168599" duration="0.000399" asserts="0"><properties><property name="python-version" value="3.12.9 (main, Mar 17 2025, 20:48:41) [GCC 6.3.0 20170516]" /><property name="fspath" value="src/test/openlinktoken_ext_truveta/test_exchange_api.py" /></properties><environment framework-version="3.6.2" clr-version="3.12.9 (main, Mar 17 2025, 20:48:41) [GCC 6.3.0 20170516]" os-version="6.6.137-0-virt" platform="Linux" cwd="/workspaces/PersonMatching/OpenLinkToken-Truveta-Extension" machine-name="aarch64" user="" user-domain="" culture="en_US" uiculture="en_US" os-architecture="64bit" /><failure><message><![CDATA[]]></message><stack-trace><![CDATA[None]]></stack-trace></failure><reason><message><![CDATA[]]></message></reason><output><![CDATA[]]></output></test-case><test-case id="113" name="src/test/openlinktoken_ext_truveta/test_exchange_api.py::TestCallExchangeEndpoint::test_raises_http_error_on_502" fullname="src/test/openlinktoken_ext_truveta/test_exchange_api.py::TestCallExchangeEndpoint::test_raises_http_error_on_502" methodname="test_raises_http_error_on_502" classname="TestCallExchangeEndpoint" runstate="Runnable" seed="1" result="Passed" label="" start-time="2026-06-10 01:38:54.168838" end-time="2026-06-10 01:38:54.169252" duration="0.000414" asserts="0"><properties><property name="python-version" value="3.12.9 (main, Mar 17 2025, 20:48:41) [GCC 6.3.0 20170516]" /><property name="fspath" value="src/test/openlinktoken_ext_truveta/test_exchange_api.py" /></properties><environment framework-version="3.6.2" clr-version="3.12.9 (main, Mar 17 2025, 20:48:41) [GCC 6.3.0 20170516]" os-version="6.6.137-0-virt" platform="Linux" cwd="/workspaces/PersonMatching/OpenLinkToken-Truveta-Extension" machine-name="aarch64" user="" user-domain="" culture="en_US" uiculture="en_US" os-architecture="64bit" /><failure><message><![CDATA[]]></message><stack-trace><![CDATA[None]]></stack-trace></failure><reason><message><![CDATA[]]></message></reason><output><![CDATA[]]></output></test-case><test-case id="114" name="src/test/openlinktoken_ext_truveta/test_exchange_api.py::TestCallExchangeEndpoint::test_does_not_retry_on_404" fullname="src/test/openlinktoken_ext_truveta/test_exchange_api.py::TestCallExchangeEndpoint::test_does_not_retry_on_404" methodname="test_does_not_retry_on_404" classname="TestCallExchangeEndpoint" runstate="Runnable" seed="1" result="Passed" label="" start-time="2026-06-10 01:38:54.169391" end-time="2026-06-10 01:38:54.169787" duration="0.000396" asserts="0"><properties><property name="python-version" value="3.12.9 (main, Mar 17 2025, 20:48:41) [GCC 6.3.0 20170516]" /><property name="fspath" value="src/test/openlinktoken_ext_truveta/test_exchange_api.py" /></properties><environment framework-version="3.6.2" clr-version="3.12.9 (main, Mar 17 2025, 20:48:41) [GCC 6.3.0 20170516]" os-version="6.6.137-0-virt" platform="Linux" cwd="/workspaces/PersonMatching/OpenLinkToken-Truveta-Extension" machine-name="aarch64" user="" user-domain="" culture="en_US" uiculture="en_US" os-architecture="64bit" /><failure><message><![CDATA[]]></message><stack-trace><![CDATA[None]]></stack-trace></failure><reason><message><![CDATA[]]></message></reason><output><![CDATA[]]></output></test-case><test-case id="115" name="src/test/openlinktoken_ext_truveta/test_exchange_api.py::TestCallExchangeEndpoint::test_raises_exchange_api_error_on_connection_error" fullname="src/test/openlinktoken_ext_truveta/test_exchange_api.py::TestCallExchangeEndpoint::test_raises_exchange_api_error_on_connection_error" methodname="test_raises_exchange_api_error_on_connection_error" classname="TestCallExchangeEndpoint" runstate="Runnable" seed="1" result="Passed" label="" start-time="2026-06-10 01:38:54.169940" end-time="2026-06-10 01:38:54.175156" duration="0.005216" asserts="0"><properties><property name="python-version" value="3.12.9 (main, Mar 17 2025, 20:48:41) [GCC 6.3.0 20170516]" /><property name="fspath" value="src/test/openlinktoken_ext_truveta/test_exchange_api.py" /></properties><environment framework-version="3.6.2" clr-version="3.12.9 (main, Mar 17 2025, 20:48:41) [GCC 6.3.0 20170516]" os-version="6.6.137-0-virt" platform="Linux" cwd="/workspaces/PersonMatching/OpenLinkToken-Truveta-Extension" machine-name="aarch64" user="" user-domain="" culture="en_US" uiculture="en_US" os-architecture="64bit" /><failure><message><![CDATA[]]></message><stack-trace><![CDATA[None]]></stack-trace></failure><reason><message><![CDATA[]]></message></reason><output><![CDATA[]]></output></test-case><test-case id="116" name="src/test/openlinktoken_ext_truveta/test_exchange_api.py::TestCallExchangeEndpoint::test_raises_exchange_api_error_on_timeout" fullname="src/test/openlinktoken_ext_truveta/test_exchange_api.py::TestCallExchangeEndpoint::test_raises_exchange_api_error_on_timeout" methodname="test_raises_exchange_api_error_on_timeout" classname="TestCallExchangeEndpoint" runstate="Runnable" seed="1" result="Passed" label="" start-time="2026-06-10 01:38:54.175372" end-time="2026-06-10 01:38:54.175946" duration="0.000574" asserts="0"><properties><property name="python-version" value="3.12.9 (main, Mar 17 2025, 20:48:41) [GCC 6.3.0 20170516]" /><property name="fspath" value="src/test/openlinktoken_ext_truveta/test_exchange_api.py" /></properties><environment framework-version="3.6.2" clr-version="3.12.9 (main, Mar 17 2025, 20:48:41) [GCC 6.3.0 20170516]" os-version="6.6.137-0-virt" platform="Linux" cwd="/workspaces/PersonMatching/OpenLinkToken-Truveta-Extension" machine-name="aarch64" user="" user-domain="" culture="en_US" uiculture="en_US" os-architecture="64bit" /><failure><message><![CDATA[]]></message><stack-trace><![CDATA[None]]></stack-trace></failure><reason><message><![CDATA[]]></message></reason><output><![CDATA[]]></output></test-case><test-case id="117" name="src/test/openlinktoken_ext_truveta/test_exchange_api.py::TestCallExchangeEndpoint::test_raises_exchange_api_error_on_generic_exception" fullname="src/test/openlinktoken_ext_truveta/test_exchange_api.py::TestCallExchangeEndpoint::test_raises_exchange_api_error_on_generic_exception" methodname="test_raises_exchange_api_error_on_generic_exception" classname="TestCallExchangeEndpoint" runstate="Runnable" seed="1" result="Passed" label="" start-time="2026-06-10 01:38:54.176110" end-time="2026-06-10 01:38:54.176547" duration="0.000437" asserts="0"><properties><property name="python-version" value="3.12.9 (main, Mar 17 2025, 20:48:41) [GCC 6.3.0 20170516]" /><property name="fspath" value="src/test/openlinktoken_ext_truveta/test_exchange_api.py" /></properties><environment framework-version="3.6.2" clr-version="3.12.9 (main, Mar 17 2025, 20:48:41) [GCC 6.3.0 20170516]" os-version="6.6.137-0-virt" platform="Linux" cwd="/workspaces/PersonMatching/OpenLinkToken-Truveta-Extension" machine-name="aarch64" user="" user-domain="" culture="en_US" uiculture="en_US" os-architecture="64bit" /><failure><message><![CDATA[]]></message><stack-trace><![CDATA[None]]></stack-trace></failure><reason><message><![CDATA[]]></message></reason><output><![CDATA[]]></output></test-case><test-case id="118" name="src/test/openlinktoken_ext_truveta/test_exchange_api.py::TestCallExchangeEndpoint::test_ssl_error_with_auth_probe_result_raises_with_auth_hint" fullname="src/test/openlinktoken_ext_truveta/test_exchange_api.py::TestCallExchangeEndpoint::test_ssl_error_with_auth_probe_result_raises_with_auth_hint" methodname="test_ssl_error_with_auth_probe_result_raises_with_auth_hint" classname="TestCallExchangeEndpoint" runstate="Runnable" seed="1" result="Passed" label="" start-time="2026-06-10 01:38:54.176703" end-time="2026-06-10 01:38:54.177381" duration="0.000678" asserts="0"><properties><property name="python-version" value="3.12.9 (main, Mar 17 2025, 20:48:41) [GCC 6.3.0 20170516]" /><property name="fspath" value="src/test/openlinktoken_ext_truveta/test_exchange_api.py" /></properties><environment framework-version="3.6.2" clr-version="3.12.9 (main, Mar 17 2025, 20:48:41) [GCC 6.3.0 20170516]" os-version="6.6.137-0-virt" platform="Linux" cwd="/workspaces/PersonMatching/OpenLinkToken-Truveta-Extension" machine-name="aarch64" user="" user-domain="" culture="en_US" uiculture="en_US" os-architecture="64bit" /><failure><message><![CDATA[]]></message><stack-trace><![CDATA[None]]></stack-trace></failure><reason><message><![CDATA[]]></message></reason><output><![CDATA[]]></output></test-case><test-case id="119" name="src/test/openlinktoken_ext_truveta/test_exchange_api.py::TestCallExchangeEndpoint::test_ssl_error_with_no_probe_result_raises_with_generic_hint" fullname="src/test/openlinktoken_ext_truveta/test_exchange_api.py::TestCallExchangeEndpoint::test_ssl_error_with_no_probe_result_raises_with_generic_hint" methodname="test_ssl_error_with_no_probe_result_raises_with_generic_hint" classname="TestCallExchangeEndpoint" runstate="Runnable" seed="1" result="Passed" label="" start-time="2026-06-10 01:38:54.177538" end-time="2026-06-10 01:38:54.178070" duration="0.000532" asserts="0"><properties><property name="python-version" value="3.12.9 (main, Mar 17 2025, 20:48:41) [GCC 6.3.0 20170516]" /><property name="fspath" value="src/test/openlinktoken_ext_truveta/test_exchange_api.py" /></properties><environment framework-version="3.6.2" clr-version="3.12.9 (main, Mar 17 2025, 20:48:41) [GCC 6.3.0 20170516]" os-version="6.6.137-0-virt" platform="Linux" cwd="/workspaces/PersonMatching/OpenLinkToken-Truveta-Extension" machine-name="aarch64" user="" user-domain="" culture="en_US" uiculture="en_US" os-architecture="64bit" /><failure><message><![CDATA[]]></message><stack-trace><![CDATA[None]]></stack-trace></failure><reason><message><![CDATA[]]></message></reason><output><![CDATA[]]></output></test-case><environment framework-version="3.6.2" clr-version="3.12.9 (main, Mar 17 2025, 20:48:41) [GCC 6.3.0 20170516]" os-version="6.6.137-0-virt" platform="Linux" cwd="/workspaces/PersonMatching/OpenLinkToken-Truveta-Extension" machine-name="aarch64" user="" user-domain="" culture="en_US" uiculture="en_US" os-architecture="64bit" /></test-suite></test-run>